# JRE version: Java(TM) SE Runtime Environment 18.9 (11.0.15+8) (build 11.0.15+8-LTS-149)
# Java VM: Java HotSpot(TM) 64-Bit Server VM 18.9 (11.0.15+8-LTS-149, mixed mode, tiered, compressed oops, g1 gc, windows-amd64)
Heap:
 garbage-first heap   total 194560K, used 85336K [0x0000000080000000, 0x0000000100000000)
  region size 1024K, 67 young (68608K), 5 survivors (5120K)
 Metaspace       used 57540K, capacity 59650K, committed 59904K, reserved 1105920K
  class space    used 7044K, capacity 7871K, committed 7936K, reserved 1048576K
GC Heap History (10 events):
Event: 4.540 GC heap before
{Heap before GC invocations=7 (full 0):
 garbage-first heap   total 157696K, used 55607K [0x0000000080000000, 0x0000000100000000)
  region size 1024K, 50 young (51200K), 4 survivors (4096K)
 Metaspace       used 29509K, capacity 30261K, committed 30464K, reserved 1075200K
  class space    used 3429K, capacity 3715K, committed 3840K, reserved 1048576K
}
Event: 4.554 GC heap after
{Heap after GC invocations=8 (full 0):
 garbage-first heap   total 157696K, used 11533K [0x0000000080000000, 0x0000000100000000)
  region size 1024K, 5 young (5120K), 5 survivors (5120K)
 Metaspace       used 29509K, capacity 30261K, committed 30464K, reserved 1075200K
  class space    used 3429K, capacity 3715K, committed 3840K, reserved 1048576K
}
Event: 6.003 GC heap before
{Heap before GC invocations=8 (full 0):
 garbage-first heap   total 157696K, used 69901K [0x0000000080000000, 0x0000000100000000)
  region size 1024K, 63 young (64512K), 5 survivors (5120K)
 Metaspace       used 34909K, capacity 35765K, committed 35840K, reserved 1081344K
  class space    used 4129K, capacity 4478K, committed 4480K, reserved 1048576K
}
Event: 6.023 GC heap after
{Heap after GC invocations=9 (full 0):
 garbage-first heap   total 157696K, used 13282K [0x0000000080000000, 0x0000000100000000)
  region size 1024K, 7 young (7168K), 7 survivors (7168K)
 Metaspace       used 34909K, capacity 35765K, committed 35840K, reserved 1081344K
  class space    used 4129K, capacity 4478K, committed 4480K, reserved 1048576K
}
Event: 8.899 GC heap before
{Heap before GC invocations=10 (full 0):
 garbage-first heap   total 157696K, used 97250K [0x0000000080000000, 0x0000000100000000)
  region size 1024K, 89 young (91136K), 7 survivors (7168K)
 Metaspace       used 47052K, capacity 48396K, committed 48640K, reserved 1091584K
  class space    used 5742K, capacity 6300K, committed 6400K, reserved 1048576K
}
Event: 8.949 GC heap after
{Heap after GC invocations=11 (full 0):
 garbage-first heap   total 194560K, used 18474K [0x0000000080000000, 0x0000000100000000)
  region size 1024K, 11 young (11264K), 11 survivors (11264K)
 Metaspace       used 47052K, capacity 48396K, committed 48640K, reserved 1091584K
  class space    used 5742K, capacity 6300K, committed 6400K, reserved 1048576K
}
Event: 860.205 GC heap before
{Heap before GC invocations=11 (full 0):
 garbage-first heap   total 194560K, used 123946K [0x0000000080000000, 0x0000000100000000)
  region size 1024K, 114 young (116736K), 11 survivors (11264K)
 Metaspace       used 55707K, capacity 57764K, committed 57856K, reserved 1099776K
  class space    used 6849K, capacity 7642K, committed 7680K, reserved 1048576K
}
Event: 860.244 GC heap after
{Heap after GC invocations=12 (full 0):
 garbage-first heap   total 194560K, used 21864K [0x0000000080000000, 0x0000000100000000)
  region size 1024K, 10 young (10240K), 10 survivors (10240K)
 Metaspace       used 55707K, capacity 57764K, committed 57856K, reserved 1099776K
  class space    used 6849K, capacity 7642K, committed 7680K, reserved 1048576K
}
Event: 3370.912 GC heap before
{Heap before GC invocations=12 (full 0):
 garbage-first heap   total 194560K, used 128360K [0x0000000080000000, 0x0000000100000000)
  region size 1024K, 114 young (116736K), 10 survivors (10240K)
 Metaspace       used 57402K, capacity 59516K, committed 59648K, reserved 1101824K
  class space    used 7035K, capacity 7869K, committed 7936K, reserved 1048576K
}
Event: 3370.939 GC heap after
{Heap after GC invocations=13 (full 0):
 garbage-first heap   total 194560K, used 22872K [0x0000000080000000, 0x0000000100000000)
  region size 1024K, 5 young (5120K), 5 survivors (5120K)
 Metaspace       used 57402K, capacity 59516K, committed 59648K, reserved 1101824K
  class space    used 7035K, capacity 7869K, committed 7936K, reserved 1048576K
}

