# JRE version: Java(TM) SE Runtime Environment 18.9 (11.0.15+8) (build 11.0.15+8-LTS-149)
# Java VM: Java HotSpot(TM) 64-Bit Server VM 18.9 (11.0.15+8-LTS-149, mixed mode, tiered, compressed oops, g1 gc, windows-amd64)
Heap:
 garbage-first heap   total 196608K, used 17340K [0x0000000080000000, 0x0000000100000000)
  region size 1024K, 6 young (6144K), 6 survivors (6144K)
 Metaspace       used 41242K, capacity 42138K, committed 42368K, reserved 1087488K
  class space    used 4781K, capacity 5135K, committed 5248K, reserved 1048576K
GC Heap History (10 events):
Event: 2.326 GC heap after
{Heap after GC invocations=4 (full 0):
 garbage-first heap   total 131072K, used 6395K [0x0000000080000000, 0x0000000100000000)
  region size 1024K, 2 young (2048K), 2 survivors (2048K)
 Metaspace       used 16940K, capacity 17239K, committed 17408K, reserved 1064960K
  class space    used 1825K, capacity 1944K, committed 2048K, reserved 1048576K
}
Event: 2.777 GC heap before
{Heap before GC invocations=4 (full 0):
 garbage-first heap   total 131072K, used 27899K [0x0000000080000000, 0x0000000100000000)
  region size 1024K, 24 young (24576K), 2 survivors (2048K)
 Metaspace       used 20812K, capacity 21197K, committed 21248K, reserved 1069056K
  class space    used 2363K, capacity 2524K, committed 2560K, reserved 1048576K
}
Event: 2.786 GC heap after
{Heap after GC invocations=5 (full 0):
 garbage-first heap   total 157696K, used 7286K [0x0000000080000000, 0x0000000100000000)
  region size 1024K, 3 young (3072K), 3 survivors (3072K)
 Metaspace       used 20812K, capacity 21197K, committed 21248K, reserved 1069056K
  class space    used 2363K, capacity 2524K, committed 2560K, reserved 1048576K
}
Event: 3.746 GC heap before
{Heap before GC invocations=6 (full 0):
 garbage-first heap   total 157696K, used 40054K [0x0000000080000000, 0x0000000100000000)
  region size 1024K, 35 young (35840K), 3 survivors (3072K)
 Metaspace       used 28011K, capacity 28580K, committed 28928K, reserved 1075200K
  class space    used 3244K, capacity 3468K, committed 3584K, reserved 1048576K
}
Event: 3.770 GC heap after
{Heap after GC invocations=7 (full 0):
 garbage-first heap   total 157696K, used 8651K [0x0000000080000000, 0x0000000100000000)
  region size 1024K, 4 young (4096K), 4 survivors (4096K)
 Metaspace       used 28011K, capacity 28580K, committed 28928K, reserved 1075200K
  class space    used 3244K, capacity 3468K, committed 3584K, reserved 1048576K
}
Event: 5.405 GC heap before
{Heap before GC invocations=7 (full 0):
 garbage-first heap   total 157696K, used 56779K [0x0000000080000000, 0x0000000100000000)
  region size 1024K, 51 young (52224K), 4 survivors (4096K)
 Metaspace       used 32091K, capacity 32861K, committed 33024K, reserved 1079296K
  class space    used 3729K, capacity 4024K, committed 4096K, reserved 1048576K
}
Event: 5.424 GC heap after
{Heap after GC invocations=8 (full 0):
 garbage-first heap   total 157696K, used 11873K [0x0000000080000000, 0x0000000100000000)
  region size 1024K, 7 young (7168K), 7 survivors (7168K)
 Metaspace       used 32091K, capacity 32861K, committed 33024K, reserved 1079296K
  class space    used 3729K, capacity 4024K, committed 4096K, reserved 1048576K
}
Event: 6.451 GC heap before
{Heap before GC invocations=8 (full 0):
 garbage-first heap   total 157696K, used 37473K [0x0000000080000000, 0x0000000100000000)
  region size 1024K, 33 young (33792K), 7 survivors (7168K)
 Metaspace       used 34952K, capacity 35753K, committed 35840K, reserved 1081344K
  class space    used 4081K, capacity 4398K, committed 4480K, reserved 1048576K
}
Event: 6.472 GC heap after
{Heap after GC invocations=9 (full 0):
 garbage-first heap   total 157696K, used 13886K [0x0000000080000000, 0x0000000100000000)
  region size 1024K, 6 young (6144K), 6 survivors (6144K)
 Metaspace       used 34952K, capacity 35753K, committed 35840K, reserved 1081344K
  class space    used 4081K, capacity 4398K, committed 4480K, reserved 1048576K
}
Event: 8.389 GC heap before
{Heap before GC invocations=10 (full 0):
 garbage-first heap   total 157696K, used 78398K [0x0000000080000000, 0x0000000100000000)
  region size 1024K, 69 young (70656K), 6 survivors (6144K)
 Metaspace       used 41242K, capacity 42138K, committed 42368K, reserved 1087488K
  class space    used 4781K, capacity 5135K, committed 5248K, reserved 1048576K
}

