# JRE version: Java(TM) SE Runtime Environment 18.9 (11.0.15+8) (build 11.0.15+8-LTS-149)
# Java VM: Java HotSpot(TM) 64-Bit Server VM 18.9 (11.0.15+8-LTS-149, mixed mode, tiered, compressed oops, g1 gc, windows-amd64)
Heap:
 garbage-first heap   total 157696K, used 9632K [0x0000000080000000, 0x0000000100000000)
  region size 1024K, 5 young (5120K), 3 survivors (3072K)
 Metaspace       used 27901K, capacity 28505K, committed 28544K, reserved 1075200K
  class space    used 3209K, capacity 3437K, committed 3456K, reserved 1048576K
GC Heap History (10 events):
Event: 0.873 GC heap before
{Heap before GC invocations=1 (full 0):
 garbage-first heap   total 131072K, used 7574K [0x0000000080000000, 0x0000000100000000)
  region size 1024K, 6 young (6144K), 1 survivors (1024K)
 Metaspace       used 9506K, capacity 9633K, committed 9984K, reserved 1058816K
  class space    used 873K, capacity 909K, committed 1024K, reserved 1048576K
}
Event: 0.878 GC heap after
{Heap after GC invocations=2 (full 0):
 garbage-first heap   total 131072K, used 4399K [0x0000000080000000, 0x0000000100000000)
  region size 1024K, 1 young (1024K), 1 survivors (1024K)
 Metaspace       used 9506K, capacity 9633K, committed 9984K, reserved 1058816K
  class space    used 873K, capacity 909K, committed 1024K, reserved 1048576K
}
Event: 1.338 GC heap before
{Heap before GC invocations=2 (full 0):
 garbage-first heap   total 131072K, used 15663K [0x0000000080000000, 0x0000000100000000)
  region size 1024K, 13 young (13312K), 1 survivors (1024K)
 Metaspace       used 14050K, capacity 14230K, committed 14336K, reserved 1062912K
  class space    used 1366K, capacity 1447K, committed 1536K, reserved 1048576K
}
Event: 1.345 GC heap after
{Heap after GC invocations=3 (full 0):
 garbage-first heap   total 131072K, used 5667K [0x0000000080000000, 0x0000000100000000)
  region size 1024K, 2 young (2048K), 2 survivors (2048K)
 Metaspace       used 14050K, capacity 14230K, committed 14336K, reserved 1062912K
  class space    used 1366K, capacity 1447K, committed 1536K, reserved 1048576K
}
Event: 1.735 GC heap before
{Heap before GC invocations=3 (full 0):
 garbage-first heap   total 131072K, used 22051K [0x0000000080000000, 0x0000000100000000)
  region size 1024K, 18 young (18432K), 2 survivors (2048K)
 Metaspace       used 16906K, capacity 17218K, committed 17408K, reserved 1064960K
  class space    used 1826K, capacity 1938K, committed 2048K, reserved 1048576K
}
Event: 1.750 GC heap after
{Heap after GC invocations=4 (full 0):
 garbage-first heap   total 131072K, used 6519K [0x0000000080000000, 0x0000000100000000)
  region size 1024K, 2 young (2048K), 2 survivors (2048K)
 Metaspace       used 16906K, capacity 17218K, committed 17408K, reserved 1064960K
  class space    used 1826K, capacity 1938K, committed 2048K, reserved 1048576K
}
Event: 2.268 GC heap before
{Heap before GC invocations=4 (full 0):
 garbage-first heap   total 131072K, used 25975K [0x0000000080000000, 0x0000000100000000)
  region size 1024K, 23 young (23552K), 2 survivors (2048K)
 Metaspace       used 20832K, capacity 21217K, committed 21248K, reserved 1069056K
  class space    used 2377K, capacity 2531K, committed 2560K, reserved 1048576K
}
Event: 2.277 GC heap after
{Heap after GC invocations=5 (full 0):
 garbage-first heap   total 157696K, used 7276K [0x0000000080000000, 0x0000000100000000)
  region size 1024K, 3 young (3072K), 3 survivors (3072K)
 Metaspace       used 20832K, capacity 21217K, committed 21248K, reserved 1069056K
  class space    used 2377K, capacity 2531K, committed 2560K, reserved 1048576K
}
Event: 3.129 GC heap before
{Heap before GC invocations=6 (full 0):
 garbage-first heap   total 157696K, used 37996K [0x0000000080000000, 0x0000000100000000)
  region size 1024K, 33 young (33792K), 3 survivors (3072K)
 Metaspace       used 27813K, capacity 28399K, committed 28544K, reserved 1075200K
  class space    used 3205K, capacity 3430K, committed 3456K, reserved 1048576K
}
Event: 3.141 GC heap after
{Heap after GC invocations=7 (full 0):
 garbage-first heap   total 157696K, used 8608K [0x0000000080000000, 0x0000000100000000)
  region size 1024K, 3 young (3072K), 3 survivors (3072K)
 Metaspace       used 27813K, capacity 28399K, committed 28544K, reserved 1075200K
  class space    used 3205K, capacity 3430K, committed 3456K, reserved 1048576K
}

