# JRE version: Java(TM) SE Runtime Environment 18.9 (11.0.15+8) (build 11.0.15+8-LTS-149)
# Java VM: Java HotSpot(TM) 64-Bit Server VM 18.9 (11.0.15+8-LTS-149, mixed mode, tiered, compressed oops, g1 gc, windows-amd64)
Heap:
 garbage-first heap   total 209920K, used 23471K [0x0000000080000000, 0x0000000100000000)
  region size 1024K, 12 young (12288K), 12 survivors (12288K)
 Metaspace       used 43003K, capacity 44052K, committed 44368K, reserved 1087488K
  class space    used 5096K, capacity 5544K, committed 5632K, reserved 1048576K
GC Heap History (10 events):
Event: 1.616 GC heap after
{Heap after GC invocations=4 (full 0):
 garbage-first heap   total 131072K, used 6823K [0x0000000080000000, 0x0000000100000000)
  region size 1024K, 2 young (2048K), 2 survivors (2048K)
 Metaspace       used 15949K, capacity 16251K, committed 16384K, reserved 1064960K
  class space    used 1582K, capacity 1701K, committed 1792K, reserved 1048576K
}
Event: 2.110 GC heap before
{Heap before GC invocations=4 (full 0):
 garbage-first heap   total 131072K, used 26279K [0x0000000080000000, 0x0000000100000000)
  region size 1024K, 23 young (23552K), 2 survivors (2048K)
 Metaspace       used 20775K, capacity 21169K, committed 21296K, reserved 1069056K
  class space    used 2226K, capacity 2400K, committed 2432K, reserved 1048576K
}
Event: 2.124 GC heap after
{Heap after GC invocations=5 (full 0):
 garbage-first heap   total 164864K, used 7784K [0x0000000080000000, 0x0000000100000000)
  region size 1024K, 2 young (2048K), 2 survivors (2048K)
 Metaspace       used 20775K, capacity 21169K, committed 21296K, reserved 1069056K
  class space    used 2226K, capacity 2400K, committed 2432K, reserved 1048576K
}
Event: 3.075 GC heap before
{Heap before GC invocations=6 (full 0):
 garbage-first heap   total 164864K, used 39528K [0x0000000080000000, 0x0000000100000000)
  region size 1024K, 33 young (33792K), 2 survivors (2048K)
 Metaspace       used 25997K, capacity 26697K, committed 26928K, reserved 1073152K
  class space    used 2891K, capacity 3135K, committed 3200K, reserved 1048576K
}
Event: 3.085 GC heap after
{Heap after GC invocations=7 (full 0):
 garbage-first heap   total 164864K, used 9298K [0x0000000080000000, 0x0000000100000000)
  region size 1024K, 4 young (4096K), 4 survivors (4096K)
 Metaspace       used 25997K, capacity 26697K, committed 26928K, reserved 1073152K
  class space    used 2891K, capacity 3135K, committed 3200K, reserved 1048576K
}
Event: 4.403 GC heap before
{Heap before GC invocations=7 (full 0):
 garbage-first heap   total 164864K, used 56402K [0x0000000080000000, 0x0000000100000000)
  region size 1024K, 50 young (51200K), 4 survivors (4096K)
 Metaspace       used 29884K, capacity 30601K, committed 30768K, reserved 1077248K
  class space    used 3347K, capacity 3618K, committed 3712K, reserved 1048576K
}
Event: 4.418 GC heap after
{Heap after GC invocations=8 (full 0):
 garbage-first heap   total 164864K, used 12011K [0x0000000080000000, 0x0000000100000000)
  region size 1024K, 6 young (6144K), 6 survivors (6144K)
 Metaspace       used 29884K, capacity 30601K, committed 30768K, reserved 1077248K
  class space    used 3347K, capacity 3618K, committed 3712K, reserved 1048576K
}
Event: 6.068 GC heap before
{Heap before GC invocations=8 (full 0):
 garbage-first heap   total 164864K, used 84715K [0x0000000080000000, 0x0000000100000000)
  region size 1024K, 78 young (79872K), 6 survivors (6144K)
 Metaspace       used 34905K, capacity 35805K, committed 35920K, reserved 1081344K
  class space    used 3994K, capacity 4324K, committed 4352K, reserved 1048576K
}
Event: 6.098 GC heap after
{Heap after GC invocations=9 (full 0):
 garbage-first heap   total 164864K, used 16265K [0x0000000080000000, 0x0000000100000000)
  region size 1024K, 10 young (10240K), 10 survivors (10240K)
 Metaspace       used 34905K, capacity 35805K, committed 35920K, reserved 1081344K
  class space    used 3994K, capacity 4324K, committed 4352K, reserved 1048576K
}
Event: 9.146 GC heap before
{Heap before GC invocations=10 (full 0):
 garbage-first heap   total 164864K, used 102281K [0x0000000080000000, 0x0000000100000000)
  region size 1024K, 94 young (96256K), 10 survivors (10240K)
 Metaspace       used 43003K, capacity 44052K, committed 44368K, reserved 1087488K
  class space    used 5096K, capacity 5544K, committed 5632K, reserved 1048576K
}

