# JRE version: Java(TM) SE Runtime Environment 18.9 (11.0.15+8) (build 11.0.15+8-LTS-149)
# Java VM: Java HotSpot(TM) 64-Bit Server VM 18.9 (11.0.15+8-LTS-149, mixed mode, tiered, compressed oops, g1 gc, windows-amd64)
Heap:
 garbage-first heap   total 195584K, used 69254K [0x0000000080000000, 0x0000000100000000)
  region size 1024K, 58 young (59392K), 12 survivors (12288K)
 Metaspace       used 47511K, capacity 48726K, committed 48892K, reserved 1091584K
  class space    used 5721K, capacity 6214K, committed 6272K, reserved 1048576K
GC Heap History (10 events):
Event: 2.344 GC heap before
{Heap before GC invocations=4 (full 0):
 garbage-first heap   total 131072K, used 29146K [0x0000000080000000, 0x0000000100000000)
  region size 1024K, 24 young (24576K), 2 survivors (2048K)
 Metaspace       used 20000K, capacity 20460K, committed 20608K, reserved 1067008K
  class space    used 2159K, capacity 2334K, committed 2432K, reserved 1048576K
}
Event: 2.353 GC heap after
{Heap after GC invocations=5 (full 0):
 garbage-first heap   total 157696K, used 7377K [0x0000000080000000, 0x0000000100000000)
  region size 1024K, 3 young (3072K), 3 survivors (3072K)
 Metaspace       used 20000K, capacity 20460K, committed 20608K, reserved 1067008K
  class space    used 2159K, capacity 2334K, committed 2432K, reserved 1048576K
}
Event: 2.378 GC heap before
{Heap before GC invocations=5 (full 0):
 garbage-first heap   total 157696K, used 8401K [0x0000000080000000, 0x0000000100000000)
  region size 1024K, 5 young (5120K), 3 survivors (3072K)
 Metaspace       used 20708K, capacity 21138K, committed 21296K, reserved 1069056K
  class space    used 2237K, capacity 2432K, committed 2432K, reserved 1048576K
}
Event: 2.384 GC heap after
{Heap after GC invocations=6 (full 0):
 garbage-first heap   total 157696K, used 7429K [0x0000000080000000, 0x0000000100000000)
  region size 1024K, 3 young (3072K), 3 survivors (3072K)
 Metaspace       used 20708K, capacity 21138K, committed 21296K, reserved 1069056K
  class space    used 2237K, capacity 2432K, committed 2432K, reserved 1048576K
}
Event: 4.580 GC heap before
{Heap before GC invocations=7 (full 0):
 garbage-first heap   total 157696K, used 81157K [0x0000000080000000, 0x0000000100000000)
  region size 1024K, 75 young (76800K), 3 survivors (3072K)
 Metaspace       used 29618K, capacity 30315K, committed 30512K, reserved 1077248K
  class space    used 3330K, capacity 3613K, committed 3712K, reserved 1048576K
}
Event: 4.601 GC heap after
{Heap after GC invocations=8 (full 0):
 garbage-first heap   total 157696K, used 11322K [0x0000000080000000, 0x0000000100000000)
  region size 1024K, 6 young (6144K), 6 survivors (6144K)
 Metaspace       used 29618K, capacity 30315K, committed 30512K, reserved 1077248K
  class space    used 3330K, capacity 3613K, committed 3712K, reserved 1048576K
}
Event: 6.313 GC heap before
{Heap before GC invocations=8 (full 0):
 garbage-first heap   total 157696K, used 87098K [0x0000000080000000, 0x0000000100000000)
  region size 1024K, 81 young (82944K), 6 survivors (6144K)
 Metaspace       used 34781K, capacity 35659K, committed 35708K, reserved 1081344K
  class space    used 3989K, capacity 4321K, committed 4352K, reserved 1048576K
}
Event: 6.344 GC heap after
{Heap after GC invocations=9 (full 0):
 garbage-first heap   total 157696K, used 15438K [0x0000000080000000, 0x0000000100000000)
  region size 1024K, 10 young (10240K), 10 survivors (10240K)
 Metaspace       used 34781K, capacity 35659K, committed 35708K, reserved 1081344K
  class space    used 3989K, capacity 4321K, committed 4352K, reserved 1048576K
}
Event: 8.715 GC heap before
{Heap before GC invocations=10 (full 0):
 garbage-first heap   total 157696K, used 99406K [0x0000000080000000, 0x0000000100000000)
  region size 1024K, 92 young (94208K), 10 survivors (10240K)
 Metaspace       used 42701K, capacity 43726K, committed 43772K, reserved 1087488K
  class space    used 5060K, capacity 5501K, committed 5504K, reserved 1048576K
}
Event: 8.774 GC heap after
{Heap after GC invocations=11 (full 0):
 garbage-first heap   total 195584K, used 23174K [0x0000000080000000, 0x0000000100000000)
  region size 1024K, 12 young (12288K), 12 survivors (12288K)
 Metaspace       used 42701K, capacity 43726K, committed 43772K, reserved 1087488K
  class space    used 5060K, capacity 5501K, committed 5504K, reserved 1048576K
}

