# JRE version: Java(TM) SE Runtime Environment 18.9 (11.0.15+8) (build 11.0.15+8-LTS-149)
# Java VM: Java HotSpot(TM) 64-Bit Server VM 18.9 (11.0.15+8-LTS-149, mixed mode, tiered, compressed oops, g1 gc, windows-amd64)
Heap:
 garbage-first heap   total 158720K, used 7744K [0x0000000080000000, 0x0000000100000000)
  region size 1024K, 2 young (2048K), 2 survivors (2048K)
 Metaspace       used 20703K, capacity 21150K, committed 21296K, reserved 1069056K
  class space    used 2179K, capacity 2362K, committed 2432K, reserved 1048576K
GC Heap History (9 events):
Event: 0.553 GC heap before
{Heap before GC invocations=0 (full 0):
 garbage-first heap   total 131072K, used 6144K [0x0000000080000000, 0x0000000100000000)
  region size 1024K, 7 young (7168K), 0 survivors (0K)
 Metaspace       used 6208K, capacity 6315K, committed 6528K, reserved 1056768K
  class space    used 534K, capacity 570K, committed 640K, reserved 1048576K
}
Event: 0.559 GC heap after
{Heap after GC invocations=1 (full 0):
 garbage-first heap   total 131072K, used 4220K [0x0000000080000000, 0x0000000100000000)
  region size 1024K, 1 young (1024K), 1 survivors (1024K)
 Metaspace       used 6208K, capacity 6315K, committed 6528K, reserved 1056768K
  class space    used 534K, capacity 570K, committed 640K, reserved 1048576K
}
Event: 0.886 GC heap before
{Heap before GC invocations=1 (full 0):
 garbage-first heap   total 131072K, used 9340K [0x0000000080000000, 0x0000000100000000)
  region size 1024K, 6 young (6144K), 1 survivors (1024K)
 Metaspace       used 9087K, capacity 9198K, committed 9344K, reserved 1058816K
  class space    used 822K, capacity 871K, committed 896K, reserved 1048576K
}
Event: 0.896 GC heap after
{Heap after GC invocations=2 (full 0):
 garbage-first heap   total 131072K, used 5230K [0x0000000080000000, 0x0000000100000000)
  region size 1024K, 1 young (1024K), 1 survivors (1024K)
 Metaspace       used 9087K, capacity 9198K, committed 9344K, reserved 1058816K
  class space    used 822K, capacity 871K, committed 896K, reserved 1048576K
}
Event: 1.307 GC heap before
{Heap before GC invocations=2 (full 0):
 garbage-first heap   total 131072K, used 15470K [0x0000000080000000, 0x0000000100000000)
  region size 1024K, 11 young (11264K), 1 survivors (1024K)
 Metaspace       used 11991K, capacity 12215K, committed 12288K, reserved 1060864K
  class space    used 1175K, capacity 1262K, committed 1280K, reserved 1048576K
}
Event: 1.316 GC heap after
{Heap after GC invocations=3 (full 0):
 garbage-first heap   total 131072K, used 6085K [0x0000000080000000, 0x0000000100000000)
  region size 1024K, 2 young (2048K), 2 survivors (2048K)
 Metaspace       used 11991K, capacity 12215K, committed 12288K, reserved 1060864K
  class space    used 1175K, capacity 1262K, committed 1280K, reserved 1048576K
}
Event: 1.685 GC heap before
{Heap before GC invocations=3 (full 0):
 garbage-first heap   total 131072K, used 21445K [0x0000000080000000, 0x0000000100000000)
  region size 1024K, 17 young (17408K), 2 survivors (2048K)
 Metaspace       used 15972K, capacity 16254K, committed 16384K, reserved 1064960K
  class space    used 1582K, capacity 1702K, committed 1792K, reserved 1048576K
}
Event: 1.693 GC heap after
{Heap after GC invocations=4 (full 0):
 garbage-first heap   total 131072K, used 6786K [0x0000000080000000, 0x0000000100000000)
  region size 1024K, 2 young (2048K), 2 survivors (2048K)
 Metaspace       used 15972K, capacity 16254K, committed 16384K, reserved 1064960K
  class space    used 1582K, capacity 1702K, committed 1792K, reserved 1048576K
}
Event: 2.198 GC heap before
{Heap before GC invocations=4 (full 0):
 garbage-first heap   total 131072K, used 24194K [0x0000000080000000, 0x0000000100000000)
  region size 1024K, 21 young (21504K), 2 survivors (2048K)
 Metaspace       used 20703K, capacity 21150K, committed 21296K, reserved 1069056K
  class space    used 2179K, capacity 2362K, committed 2432K, reserved 1048576K
}

