# JRE version: Java(TM) SE Runtime Environment 18.9 (11.0.15+8) (build 11.0.15+8-LTS-149)
# Java VM: Java HotSpot(TM) 64-Bit Server VM 18.9 (11.0.15+8-LTS-149, mixed mode, tiered, compressed oops, g1 gc, windows-amd64)
Heap:
 garbage-first heap   total 157696K, used 23080K [0x0000000080000000, 0x0000000100000000)
  region size 1024K, 19 young (19456K), 4 survivors (4096K)
 Metaspace       used 29111K, capacity 29745K, committed 29952K, reserved 1075200K
  class space    used 3275K, capacity 3535K, committed 3584K, reserved 1048576K
GC Heap History (10 events):
Event: 1.354 GC heap before
{Heap before GC invocations=2 (full 0):
 garbage-first heap   total 131072K, used 15481K [0x0000000080000000, 0x0000000100000000)
  region size 1024K, 11 young (11264K), 1 survivors (1024K)
 Metaspace       used 12090K, capacity 12311K, committed 12544K, reserved 1060864K
  class space    used 1185K, capacity 1275K, committed 1280K, reserved 1048576K
}
Event: 1.360 GC heap after
{Heap after GC invocations=3 (full 0):
 garbage-first heap   total 131072K, used 6182K [0x0000000080000000, 0x0000000100000000)
  region size 1024K, 2 young (2048K), 2 survivors (2048K)
 Metaspace       used 12090K, capacity 12311K, committed 12544K, reserved 1060864K
  class space    used 1185K, capacity 1275K, committed 1280K, reserved 1048576K
}
Event: 1.721 GC heap before
{Heap before GC invocations=3 (full 0):
 garbage-first heap   total 131072K, used 19494K [0x0000000080000000, 0x0000000100000000)
  region size 1024K, 16 young (16384K), 2 survivors (2048K)
 Metaspace       used 15699K, capacity 15995K, committed 16128K, reserved 1062912K
  class space    used 1563K, capacity 1701K, committed 1792K, reserved 1048576K
}
Event: 1.728 GC heap after
{Heap after GC invocations=4 (full 0):
 garbage-first heap   total 131072K, used 6991K [0x0000000080000000, 0x0000000100000000)
  region size 1024K, 2 young (2048K), 2 survivors (2048K)
 Metaspace       used 15699K, capacity 15995K, committed 16128K, reserved 1062912K
  class space    used 1563K, capacity 1701K, committed 1792K, reserved 1048576K
}
Event: 2.187 GC heap before
{Heap before GC invocations=4 (full 0):
 garbage-first heap   total 131072K, used 28495K [0x0000000080000000, 0x0000000100000000)
  region size 1024K, 23 young (23552K), 2 survivors (2048K)
 Metaspace       used 19883K, capacity 20372K, committed 20480K, reserved 1067008K
  class space    used 2138K, capacity 2304K, committed 2304K, reserved 1048576K
}
Event: 2.196 GC heap after
{Heap after GC invocations=5 (full 0):
 garbage-first heap   total 157696K, used 7584K [0x0000000080000000, 0x0000000100000000)
  region size 1024K, 2 young (2048K), 2 survivors (2048K)
 Metaspace       used 19883K, capacity 20372K, committed 20480K, reserved 1067008K
  class space    used 2138K, capacity 2304K, committed 2304K, reserved 1048576K
}
Event: 2.300 GC heap before
{Heap before GC invocations=5 (full 0):
 garbage-first heap   total 157696K, used 12704K [0x0000000080000000, 0x0000000100000000)
  region size 1024K, 8 young (8192K), 2 survivors (2048K)
 Metaspace       used 20669K, capacity 21089K, committed 21248K, reserved 1069056K
  class space    used 2239K, capacity 2437K, committed 2560K, reserved 1048576K
}
Event: 2.305 GC heap after
{Heap after GC invocations=6 (full 0):
 garbage-first heap   total 157696K, used 7692K [0x0000000080000000, 0x0000000100000000)
  region size 1024K, 2 young (2048K), 2 survivors (2048K)
 Metaspace       used 20669K, capacity 21089K, committed 21248K, reserved 1069056K
  class space    used 2239K, capacity 2437K, committed 2560K, reserved 1048576K
}
Event: 3.656 GC heap before
{Heap before GC invocations=7 (full 0):
 garbage-first heap   total 157696K, used 45580K [0x0000000080000000, 0x0000000100000000)
  region size 1024K, 40 young (40960K), 2 survivors (2048K)
 Metaspace       used 27677K, capacity 28371K, committed 28544K, reserved 1075200K
  class space    used 3101K, capacity 3355K, committed 3456K, reserved 1048576K
}
Event: 3.666 GC heap after
{Heap after GC invocations=8 (full 0):
 garbage-first heap   total 157696K, used 9768K [0x0000000080000000, 0x0000000100000000)
  region size 1024K, 4 young (4096K), 4 survivors (4096K)
 Metaspace       used 27677K, capacity 28371K, committed 28544K, reserved 1075200K
  class space    used 3101K, capacity 3355K, committed 3456K, reserved 1048576K
}

