# JRE version: Java(TM) SE Runtime Environment 18.9 (11.0.15+8) (build 11.0.15+8-LTS-149)
# Java VM: Java HotSpot(TM) 64-Bit Server VM 18.9 (11.0.15+8-LTS-149, mixed mode, tiered, compressed oops, g1 gc, windows-amd64)
Heap:
 garbage-first heap   total 157696K, used 52206K [0x0000000080000000, 0x0000000100000000)
  region size 1024K, 38 young (38912K), 10 survivors (10240K)
 Metaspace       used 46824K, capacity 48102K, committed 48256K, reserved 1091584K
  class space    used 5473K, capacity 5988K, committed 6016K, reserved 1048576K
GC Heap History (10 events):
Event: 4.288 GC heap before
{Heap before GC invocations=5 (full 0):
 garbage-first heap   total 131072K, used 9375K [0x0000000080000000, 0x0000000100000000)
  region size 1024K, 5 young (5120K), 3 survivors (3072K)
 Metaspace       used 20627K, capacity 21181K, committed 21248K, reserved 1069056K
  class space    used 2289K, capacity 2514K, committed 2560K, reserved 1048576K
}
Event: 4.296 GC heap after
{Heap after GC invocations=6 (full 0):
 garbage-first heap   total 131072K, used 8388K [0x0000000080000000, 0x0000000100000000)
  region size 1024K, 3 young (3072K), 3 survivors (3072K)
 Metaspace       used 20627K, capacity 21181K, committed 21248K, reserved 1069056K
  class space    used 2289K, capacity 2514K, committed 2560K, reserved 1048576K
}
Event: 5.220 GC heap before
{Heap before GC invocations=7 (full 0):
 garbage-first heap   total 131072K, used 43204K [0x0000000080000000, 0x0000000100000000)
  region size 1024K, 38 young (38912K), 3 survivors (3072K)
 Metaspace       used 25606K, capacity 26315K, committed 26496K, reserved 1073152K
  class space    used 2922K, capacity 3184K, committed 3200K, reserved 1048576K
}
Event: 5.233 GC heap after
{Heap after GC invocations=8 (full 0):
 garbage-first heap   total 157696K, used 10178K [0x0000000080000000, 0x0000000100000000)
  region size 1024K, 4 young (4096K), 4 survivors (4096K)
 Metaspace       used 25606K, capacity 26315K, committed 26496K, reserved 1073152K
  class space    used 2922K, capacity 3184K, committed 3200K, reserved 1048576K
}
Event: 8.517 GC heap before
{Heap before GC invocations=8 (full 0):
 garbage-first heap   total 157696K, used 94146K [0x0000000080000000, 0x0000000100000000)
  region size 1024K, 82 young (83968K), 4 survivors (4096K)
 Metaspace       used 34783K, capacity 35739K, committed 35840K, reserved 1081344K
  class space    used 4029K, capacity 4409K, committed 4480K, reserved 1048576K
}
Event: 8.542 GC heap after
{Heap after GC invocations=9 (full 0):
 garbage-first heap   total 157696K, used 13935K [0x0000000080000000, 0x0000000100000000)
  region size 1024K, 8 young (8192K), 8 survivors (8192K)
 Metaspace       used 34783K, capacity 35739K, committed 35840K, reserved 1081344K
  class space    used 4029K, capacity 4409K, committed 4480K, reserved 1048576K
}
Event: 13.622 GC heap before
{Heap before GC invocations=10 (full 0):
 garbage-first heap   total 157696K, used 98927K [0x0000000080000000, 0x0000000100000000)
  region size 1024K, 91 young (93184K), 8 survivors (8192K)
 Metaspace       used 43916K, capacity 45175K, committed 45440K, reserved 1089536K
  class space    used 5179K, capacity 5680K, committed 5760K, reserved 1048576K
}
Event: 13.660 GC heap after
{Heap after GC invocations=11 (full 0):
 garbage-first heap   total 157696K, used 19301K [0x0000000080000000, 0x0000000100000000)
  region size 1024K, 11 young (11264K), 11 survivors (11264K)
 Metaspace       used 43916K, capacity 45175K, committed 45440K, reserved 1089536K
  class space    used 5179K, capacity 5680K, committed 5760K, reserved 1048576K
}
Event: 14.789 GC heap before
{Heap before GC invocations=11 (full 0):
 garbage-first heap   total 157696K, used 103269K [0x0000000080000000, 0x0000000100000000)
  region size 1024K, 92 young (94208K), 11 survivors (11264K)
 Metaspace       used 44255K, capacity 45508K, committed 45696K, reserved 1089536K
  class space    used 5192K, capacity 5684K, committed 5760K, reserved 1048576K
}
Event: 14.822 GC heap after
{Heap after GC invocations=12 (full 0):
 garbage-first heap   total 157696K, used 23534K [0x0000000080000000, 0x0000000100000000)
  region size 1024K, 10 young (10240K), 10 survivors (10240K)
 Metaspace       used 44255K, capacity 45508K, committed 45696K, reserved 1089536K
  class space    used 5192K, capacity 5684K, committed 5760K, reserved 1048576K
}

